<?xml version="1.0" encoding="UTF-8"?>
<!-- Generated by org.testng.reporters.JUnitReportReporter -->
<testsuite hostname="NACTS-081729" name="automationFramework.TestCases.SearchTest" tests="18" failures="0" timestamp="5 Jan 2017 01:15:05 GMT" time="703.152" errors="0">
  <testcase name="searchCustomerCheckDuplicateTestAll" time="18.367" classname="automationFramework.TestCases.SearchTest"/>
  <testcase name="searchCustomerVerifiedTest" time="29.465" classname="automationFramework.TestCases.SearchTest"/>
  <testcase name="searchCustomerAndCriteriaLastNameEmail" time="253.679" classname="automationFramework.TestCases.SearchTest"/>
  <testcase name="searchCustomerCheckDuplicateTestPhone" time="28.277" classname="automationFramework.TestCases.SearchTest"/>
  <testcase name="searchCustomerCheckDuplicateTestEmailPhone" time="17.742" classname="automationFramework.TestCases.SearchTest"/>
  <testcase name="searchCustomerVerifiedThreeInfoTest" time="26.379" classname="automationFramework.TestCases.SearchTest"/>
  <testcase name="searchNewSearchButton" time="12.398" classname="automationFramework.TestCases.SearchTest"/>
  <testcase name="searchCustomerCheckDuplicateTestLname" time="16.747" classname="automationFramework.TestCases.SearchTest"/>
  <testcase name="searchCustomerNotVerifiedTest" time="18.778" classname="automationFramework.TestCases.SearchTest"/>
  <testcase name="searchCustomerAndCriteriaLastName" time="130.625" classname="automationFramework.TestCases.SearchTest"/>
  <testcase name="searchCustomerNotVerifiedThreeInfoTest" time="35.953" classname="automationFramework.TestCases.SearchTest"/>
  <testcase name="searchCustomerInvalidEmail" time="12.754" classname="automationFramework.TestCases.SearchTest"/>
  <testcase name="searchCustomerNoResultsTest" time="14.000" classname="automationFramework.TestCases.SearchTest"/>
  <testcase name="searchCustomerTypeNotSelected" time="11.858" classname="automationFramework.TestCases.SearchTest"/>
  <testcase name="searchCustomerClickNotVerified" time="26.638" classname="automationFramework.TestCases.SearchTest"/>
  <testcase name="searchCustomerCheckDuplicateTestEmail" time="16.925" classname="automationFramework.TestCases.SearchTest"/>
  <testcase name="searchCustomerCheckDuplicateTestFnameLname" time="15.722" classname="automationFramework.TestCases.SearchTest"/>
  <testcase name="searchCustomerCheckDuplicateTestFname" time="16.845" classname="automationFramework.TestCases.SearchTest"/>
</testsuite> <!-- automationFramework.TestCases.SearchTest -->
