<?xml version="1.0" encoding="UTF-8"?>
<!-- Generated by org.testng.reporters.JUnitReportReporter -->
<testsuite hostname="NACTS-081729" name="automationFramework.TestCases.LinkAccountTest" tests="4" failures="0" timestamp="5 Jan 2017 01:15:05 GMT" time="102.609" errors="0">
  <testcase name="linkAccountLinkFailureTest" time="45.471" classname="automationFramework.TestCases.LinkAccountTest"/>
  <testcase name="linkAccountCancelTest" time="27.161" classname="automationFramework.TestCases.LinkAccountTest"/>
  <testcase name="linkAccountBankAccountMissingTest" time="14.881" classname="automationFramework.TestCases.LinkAccountTest"/>
  <testcase name="linkAccountCardExpirationMissingTest" time="15.096" classname="automationFramework.TestCases.LinkAccountTest"/>
</testsuite> <!-- automationFramework.TestCases.LinkAccountTest -->
