<?xml version="1.0" encoding="UTF-8"?>
<!-- Generated by org.testng.reporters.JUnitReportReporter -->
<testsuite hostname="NACTS-081729" name="automationFramework.TestCases.CreateOrderDBTest" tests="2" failures="0" timestamp="7 Dec 2016 23:15:53 GMT" time="151.665" errors="0">
  <testcase name="createOrderCancelDBcheck" time="75.439" classname="automationFramework.TestCases.CreateOrderDBTest"/>
  <testcase name="createOrderDBcheck" time="76.226" classname="automationFramework.TestCases.CreateOrderDBTest"/>
</testsuite> <!-- automationFramework.TestCases.CreateOrderDBTest -->
