<?xml version="1.0" encoding="UTF-8"?>
<!-- Generated by org.testng.reporters.JUnitReportReporter -->
<testsuite hostname="NACTS-081729" name="automationFramework.TestCases.CreateFundingTest" tests="1" failures="0" timestamp="5 Jan 2017 15:21:19 GMT" time="36.174" errors="0">
  <testcase name="createFundingSourceNewBillingAddress" time="36.174" classname="automationFramework.TestCases.CreateFundingTest"/>
</testsuite> <!-- automationFramework.TestCases.CreateFundingTest -->
