<?xml version="1.0" encoding="UTF-8"?>
<!-- Generated by org.testng.reporters.JUnitReportReporter -->
<testsuite hostname="NACTS-081729" name="automationFramework.TestCases.TravelHistoryTest" tests="1" failures="0" timestamp="5 Jan 2017 01:15:05 GMT" time="16.186" errors="0">
  <testcase name="checkTravelHistory" time="16.186" classname="automationFramework.TestCases.TravelHistoryTest"/>
</testsuite> <!-- automationFramework.TestCases.TravelHistoryTest -->
