<?xml version="1.0" encoding="UTF-8"?>
<!-- Generated by org.testng.reporters.JUnitReportReporter -->
<testsuite hostname="NACTS-081729" name="automationFramework.TestCases.UpdateContactTest" tests="11" failures="0" timestamp="5 Jan 2017 01:15:05 GMT" time="409.455" errors="0">
  <testcase name="updateContact" time="44.245" classname="automationFramework.TestCases.UpdateContactTest"/>
  <testcase name="updateContactInvalidPhone" time="43.223" classname="automationFramework.TestCases.UpdateContactTest"/>
  <testcase name="updateContactAndAddressCancel" time="39.703" classname="automationFramework.TestCases.UpdateContactTest"/>
  <testcase name="updateContactCheckRequiredFields" time="36.326" classname="automationFramework.TestCases.UpdateContactTest"/>
  <testcase name="updateContactOtherPhonesMissing" time="30.926" classname="automationFramework.TestCases.UpdateContactTest"/>
  <testcase name="updateContactCancel" time="36.466" classname="automationFramework.TestCases.UpdateContactTest"/>
  <testcase name="updateContactInvalidEmail" time="33.594" classname="automationFramework.TestCases.UpdateContactTest"/>
  <testcase name="updateContactInvalidUserName" time="34.891" classname="automationFramework.TestCases.UpdateContactTest"/>
  <testcase name="updateContactAndAddress" time="44.928" classname="automationFramework.TestCases.UpdateContactTest"/>
  <testcase name="updateContactInvalidPin" time="34.389" classname="automationFramework.TestCases.UpdateContactTest"/>
  <testcase name="updateContactSecurityAnswermissing" time="30.764" classname="automationFramework.TestCases.UpdateContactTest"/>
</testsuite> <!-- automationFramework.TestCases.UpdateContactTest -->
