<?xml version="1.0" encoding="UTF-8"?>
<!-- Generated by org.testng.reporters.JUnitReportReporter -->
<testsuite hostname="NACTS-081729" name="automationFramework.TestCases.CreateCustomerDBTest" tests="6" failures="0" timestamp="5 Jan 2017 01:15:05 GMT" time="152.341" errors="0">
  <testcase name="createNewCustomerCancelDBCheck" time="19.952" classname="automationFramework.TestCases.CreateCustomerDBTest"/>
  <testcase name="createNewCustomerDBCheckPhoneTable" time="25.713" classname="automationFramework.TestCases.CreateCustomerDBTest"/>
  <testcase name="createNewCustomerDBCheckAddressTable" time="27.406" classname="automationFramework.TestCases.CreateCustomerDBTest"/>
  <testcase name="createNewCustomerDBCheckAccountTable" time="26.786" classname="automationFramework.TestCases.CreateCustomerDBTest"/>
  <testcase name="createNewCustomerDBCheckContactTable" time="26.048" classname="automationFramework.TestCases.CreateCustomerDBTest"/>
  <testcase name="createNewCustomerDBCheckSecurityTable" time="26.436" classname="automationFramework.TestCases.CreateCustomerDBTest"/>
</testsuite> <!-- automationFramework.TestCases.CreateCustomerDBTest -->
