<?xml version="1.0" encoding="UTF-8"?>
<!-- Generated by org.testng.reporters.JUnitReportReporter -->
<testsuite hostname="NACTS-081729" name="automationFramework.TestCases.CreateCustomerTest" tests="12" failures="0" timestamp="5 Jan 2017 01:15:05 GMT" time="265.668" errors="0">
  <testcase name="createCustomerInvalidPhone" time="14.043" classname="automationFramework.TestCases.CreateCustomerTest"/>
  <testcase name="createCustomerNameMissing" time="13.866" classname="automationFramework.TestCases.CreateCustomerTest"/>
  <testcase name="createCustomerInvalidUserName" time="19.451" classname="automationFramework.TestCases.CreateCustomerTest"/>
  <testcase name="createCustomerPostalCodeMissing" time="30.402" classname="automationFramework.TestCases.CreateCustomerTest"/>
  <testcase name="createCustomerInvalidPin2" time="28.169" classname="automationFramework.TestCases.CreateCustomerTest"/>
  <testcase name="createCustomerContactTypeNotSelected" time="19.854" classname="automationFramework.TestCases.CreateCustomerTest"/>
  <testcase name="createCustomerCancel" time="19.112" classname="automationFramework.TestCases.CreateCustomerTest"/>
  <testcase name="createCustomerInvalidEmail" time="14.745" classname="automationFramework.TestCases.CreateCustomerTest"/>
  <testcase name="createNewCustomer" time="25.165" classname="automationFramework.TestCases.CreateCustomerTest"/>
  <testcase name="createCustomerInvalidPin" time="19.103" classname="automationFramework.TestCases.CreateCustomerTest"/>
  <testcase name="createCustomerDuplicateUserName" time="48.750" classname="automationFramework.TestCases.CreateCustomerTest"/>
  <testcase name="createCustomerEmailMissing" time="13.008" classname="automationFramework.TestCases.CreateCustomerTest"/>
</testsuite> <!-- automationFramework.TestCases.CreateCustomerTest -->
