<?xml version="1.0" encoding="UTF-8"?>
<!-- Generated by org.testng.reporters.JUnitReportReporter -->
<testsuite hostname="NACTS-081729" name="automationFramework.TestCases.CreateOrderTest" tests="3" failures="0" timestamp="5 Jan 2017 01:15:05 GMT" time="108.120" errors="0">
  <testcase name="createOrderExpiredCard" time="39.589" classname="automationFramework.TestCases.CreateOrderTest"/>
  <testcase name="createOrderCancel" time="30.334" classname="automationFramework.TestCases.CreateOrderTest"/>
  <testcase name="createOrderSubmit" time="38.197" classname="automationFramework.TestCases.CreateOrderTest"/>
</testsuite> <!-- automationFramework.TestCases.CreateOrderTest -->
